[0.202s] DEBUG:colcon:Command line arguments: ['/usr/bin/colcon', 'build', '--symlink-install']
[0.202s] DEBUG:colcon:Parsed command line arguments: Namespace(log_base=None, log_level=None, verb_name='build', build_base='build', install_base='install', merge_install=False, symlink_install=True, test_result_base=None, continue_on_error=False, executor='parallel', parallel_workers=16, event_handlers=None, ignore_user_meta=False, metas=['./colcon.meta'], base_paths=['.'], packages_ignore=None, packages_ignore_regex=None, paths=None, packages_up_to=None, packages_up_to_regex=None, packages_above=None, packages_above_and_dependencies=None, packages_above_depth=None, packages_select_by_dep=None, packages_skip_by_dep=None, packages_skip_up_to=None, packages_select_build_failed=False, packages_skip_build_finished=False, packages_select_test_failures=False, packages_skip_test_passed=False, packages_select=None, packages_skip=None, packages_select_regex=None, packages_skip_regex=None, packages_start=None, packages_end=None, allow_overriding=[], cmake_args=None, cmake_target=None, cmake_target_skip_unavailable=False, cmake_clean_cache=False, cmake_clean_first=False, cmake_force_configure=False, ament_cmake_args=None, catkin_cmake_args=None, catkin_skip_building_tests=False, mixin_files=None, mixin=None, verb_parser=<colcon_mixin.mixin.mixin_argument.MixinArgumentDecorator object at 0x782362905c70>, verb_extension=<colcon_core.verb.build.BuildVerb object at 0x782362b7f830>, main=<bound method BuildVerb.main of <colcon_core.verb.build.BuildVerb object at 0x782362b7f830>>, mixin_verb=('build',))
[0.265s] Level 1:colcon.colcon_core.package_discovery:discover_packages(colcon_meta) check parameters
[0.265s] Level 1:colcon.colcon_core.package_discovery:discover_packages(recursive) check parameters
[0.265s] Level 1:colcon.colcon_core.package_discovery:discover_packages(ignore) check parameters
[0.265s] Level 1:colcon.colcon_core.package_discovery:discover_packages(path) check parameters
[0.265s] Level 1:colcon.colcon_core.package_discovery:discover_packages(colcon_meta) discover
[0.265s] Level 1:colcon.colcon_core.package_discovery:discover_packages(recursive) discover
[0.265s] INFO:colcon.colcon_core.package_discovery:Crawling recursively for packages in '/home/fauntlht/dev_ws/src/CS354-Final-Project_Luke-Joshua-Jessica-Hunter'
[0.266s] Level 1:colcon.colcon_core.package_identification:_identify(.) by extensions ['ignore', 'ignore_ament_install']
[0.266s] Level 1:colcon.colcon_core.package_identification:_identify(.) by extension 'ignore'
[0.266s] Level 1:colcon.colcon_core.package_identification:_identify(.) by extension 'ignore_ament_install'
[0.266s] Level 1:colcon.colcon_core.package_identification:_identify(.) by extensions ['colcon_pkg']
[0.266s] Level 1:colcon.colcon_core.package_identification:_identify(.) by extension 'colcon_pkg'
[0.266s] Level 1:colcon.colcon_core.package_identification:_identify(.) by extensions ['colcon_meta']
[0.266s] Level 1:colcon.colcon_core.package_identification:_identify(.) by extension 'colcon_meta'
[0.266s] Level 1:colcon.colcon_core.package_identification:_identify(.) by extensions ['ros']
[0.266s] Level 1:colcon.colcon_core.package_identification:_identify(.) by extension 'ros'
[0.303s] Level 1:colcon.colcon_core.package_identification:_identify(.) by extensions ['cmake', 'python']
[0.304s] Level 1:colcon.colcon_core.package_identification:_identify(.) by extension 'cmake'
[0.304s] Level 1:colcon.colcon_core.package_identification:_identify(.) by extension 'python'
[0.304s] Level 1:colcon.colcon_core.package_identification:_identify(.) by extensions ['python_setup_py']
[0.304s] Level 1:colcon.colcon_core.package_identification:_identify(.) by extension 'python_setup_py'
[0.304s] Level 1:colcon.colcon_core.package_identification:_identify(Documents) by extensions ['ignore', 'ignore_ament_install']
[0.305s] Level 1:colcon.colcon_core.package_identification:_identify(Documents) by extension 'ignore'
[0.305s] Level 1:colcon.colcon_core.package_identification:_identify(Documents) by extension 'ignore_ament_install'
[0.305s] Level 1:colcon.colcon_core.package_identification:_identify(Documents) by extensions ['colcon_pkg']
[0.305s] Level 1:colcon.colcon_core.package_identification:_identify(Documents) by extension 'colcon_pkg'
[0.305s] Level 1:colcon.colcon_core.package_identification:_identify(Documents) by extensions ['colcon_meta']
[0.305s] Level 1:colcon.colcon_core.package_identification:_identify(Documents) by extension 'colcon_meta'
[0.305s] Level 1:colcon.colcon_core.package_identification:_identify(Documents) by extensions ['ros']
[0.305s] Level 1:colcon.colcon_core.package_identification:_identify(Documents) by extension 'ros'
[0.305s] Level 1:colcon.colcon_core.package_identification:_identify(Documents) by extensions ['cmake', 'python']
[0.305s] Level 1:colcon.colcon_core.package_identification:_identify(Documents) by extension 'cmake'
[0.306s] Level 1:colcon.colcon_core.package_identification:_identify(Documents) by extension 'python'
[0.306s] Level 1:colcon.colcon_core.package_identification:_identify(Documents) by extensions ['python_setup_py']
[0.306s] Level 1:colcon.colcon_core.package_identification:_identify(Documents) by extension 'python_setup_py'
[0.306s] Level 1:colcon.colcon_core.package_identification:_identify(build) by extensions ['ignore', 'ignore_ament_install']
[0.306s] Level 1:colcon.colcon_core.package_identification:_identify(build) by extension 'ignore'
[0.306s] Level 1:colcon.colcon_core.package_identification:_identify(build) ignored
[0.306s] Level 1:colcon.colcon_core.package_identification:_identify(final_project) by extensions ['ignore', 'ignore_ament_install']
[0.307s] Level 1:colcon.colcon_core.package_identification:_identify(final_project) by extension 'ignore'
[0.307s] Level 1:colcon.colcon_core.package_identification:_identify(final_project) by extension 'ignore_ament_install'
[0.307s] Level 1:colcon.colcon_core.package_identification:_identify(final_project) by extensions ['colcon_pkg']
[0.307s] Level 1:colcon.colcon_core.package_identification:_identify(final_project) by extension 'colcon_pkg'
[0.307s] Level 1:colcon.colcon_core.package_identification:_identify(final_project) by extensions ['colcon_meta']
[0.307s] Level 1:colcon.colcon_core.package_identification:_identify(final_project) by extension 'colcon_meta'
[0.307s] Level 1:colcon.colcon_core.package_identification:_identify(final_project) by extensions ['ros']
[0.307s] Level 1:colcon.colcon_core.package_identification:_identify(final_project) by extension 'ros'
[0.312s] DEBUG:colcon.colcon_core.package_identification:Package 'final_project' with type 'ros.ament_python' and name 'final_project'
[0.313s] Level 1:colcon.colcon_core.package_identification:_identify(install) by extensions ['ignore', 'ignore_ament_install']
[0.313s] Level 1:colcon.colcon_core.package_identification:_identify(install) by extension 'ignore'
[0.313s] Level 1:colcon.colcon_core.package_identification:_identify(install) ignored
[0.313s] Level 1:colcon.colcon_core.package_identification:_identify(log) by extensions ['ignore', 'ignore_ament_install']
[0.314s] Level 1:colcon.colcon_core.package_identification:_identify(log) by extension 'ignore'
[0.314s] Level 1:colcon.colcon_core.package_identification:_identify(log) ignored
[0.314s] Level 1:colcon.colcon_core.package_discovery:discover_packages(recursive) using defaults
[0.314s] Level 1:colcon.colcon_core.package_discovery:discover_packages(ignore) discover
[0.314s] Level 1:colcon.colcon_core.package_discovery:discover_packages(ignore) using defaults
[0.314s] Level 1:colcon.colcon_core.package_discovery:discover_packages(path) discover
[0.314s] Level 1:colcon.colcon_core.package_discovery:discover_packages(path) using defaults
[0.344s] Level 1:colcon.colcon_core.package_discovery:discover_packages(prefix_path) check parameters
[0.344s] Level 1:colcon.colcon_core.package_discovery:discover_packages(prefix_path) discover
[0.346s] DEBUG:colcon.colcon_installed_package_information.package_discovery:Found 9 installed packages in /opt/turtlebot4_ws/install
[0.349s] DEBUG:colcon.colcon_installed_package_information.package_discovery:Found 430 installed packages in /opt/ros/jazzy
[0.353s] Level 1:colcon.colcon_core.package_discovery:discover_packages(prefix_path) using defaults
[0.441s] Level 5:colcon.colcon_core.verb:set package 'final_project' build argument 'cmake_args' from command line to 'None'
[0.441s] Level 5:colcon.colcon_core.verb:set package 'final_project' build argument 'cmake_target' from command line to 'None'
[0.441s] Level 5:colcon.colcon_core.verb:set package 'final_project' build argument 'cmake_target_skip_unavailable' from command line to 'False'
[0.441s] Level 5:colcon.colcon_core.verb:set package 'final_project' build argument 'cmake_clean_cache' from command line to 'False'
[0.441s] Level 5:colcon.colcon_core.verb:set package 'final_project' build argument 'cmake_clean_first' from command line to 'False'
[0.441s] Level 5:colcon.colcon_core.verb:set package 'final_project' build argument 'cmake_force_configure' from command line to 'False'
[0.441s] Level 5:colcon.colcon_core.verb:set package 'final_project' build argument 'ament_cmake_args' from command line to 'None'
[0.441s] Level 5:colcon.colcon_core.verb:set package 'final_project' build argument 'catkin_cmake_args' from command line to 'None'
[0.441s] Level 5:colcon.colcon_core.verb:set package 'final_project' build argument 'catkin_skip_building_tests' from command line to 'False'
[0.441s] DEBUG:colcon.colcon_core.verb:Building package 'final_project' with the following arguments: {'ament_cmake_args': None, 'build_base': '/home/fauntlht/dev_ws/src/CS354-Final-Project_Luke-Joshua-Jessica-Hunter/build/final_project', 'catkin_cmake_args': None, 'catkin_skip_building_tests': False, 'cmake_args': None, 'cmake_clean_cache': False, 'cmake_clean_first': False, 'cmake_force_configure': False, 'cmake_target': None, 'cmake_target_skip_unavailable': False, 'install_base': '/home/fauntlht/dev_ws/src/CS354-Final-Project_Luke-Joshua-Jessica-Hunter/install/final_project', 'merge_install': False, 'path': '/home/fauntlht/dev_ws/src/CS354-Final-Project_Luke-Joshua-Jessica-Hunter/final_project', 'symlink_install': True, 'test_result_base': None}
[0.441s] INFO:colcon.colcon_core.executor:Executing jobs using 'parallel' executor
[0.443s] DEBUG:colcon.colcon_parallel_executor.executor.parallel:run_until_complete
[0.443s] INFO:colcon.colcon_ros.task.ament_python.build:Building ROS package in '/home/fauntlht/dev_ws/src/CS354-Final-Project_Luke-Joshua-Jessica-Hunter/final_project' with build type 'ament_python'
[0.443s] Level 1:colcon.colcon_core.shell:create_environment_hook('final_project', 'ament_prefix_path')
[0.445s] INFO:colcon.colcon_core.plugin_system:Skipping extension 'colcon_core.shell.bat': Not used on non-Windows systems
[0.446s] INFO:colcon.colcon_core.shell:Creating environment hook '/home/fauntlht/dev_ws/src/CS354-Final-Project_Luke-Joshua-Jessica-Hunter/install/final_project/share/final_project/hook/ament_prefix_path.ps1'
[0.447s] INFO:colcon.colcon_core.shell:Creating environment descriptor '/home/fauntlht/dev_ws/src/CS354-Final-Project_Luke-Joshua-Jessica-Hunter/install/final_project/share/final_project/hook/ament_prefix_path.dsv'
[0.447s] INFO:colcon.colcon_core.shell:Creating environment hook '/home/fauntlht/dev_ws/src/CS354-Final-Project_Luke-Joshua-Jessica-Hunter/install/final_project/share/final_project/hook/ament_prefix_path.sh'
[0.448s] INFO:colcon.colcon_core.shell:Skip shell extension 'powershell' for command environment: Not usable outside of PowerShell
[0.448s] DEBUG:colcon.colcon_core.shell:Skip shell extension 'dsv' for command environment
[0.900s] INFO:colcon.colcon_core.task.python.build:Building Python package in '/home/fauntlht/dev_ws/src/CS354-Final-Project_Luke-Joshua-Jessica-Hunter/final_project'
[0.901s] INFO:colcon.colcon_core.shell:Skip shell extension 'powershell' for command environment: Not usable outside of PowerShell
[0.901s] DEBUG:colcon.colcon_core.shell:Skip shell extension 'dsv' for command environment
[2.443s] DEBUG:colcon.colcon_core.event_handler.log_command:Invoking command in '/home/fauntlht/dev_ws/src/CS354-Final-Project_Luke-Joshua-Jessica-Hunter/build/final_project': PYTHONPATH=/home/fauntlht/dev_ws/src/CS354-Final-Project_Luke-Joshua-Jessica-Hunter/build/final_project/prefix_override:/usr/lib/python3/dist-packages/colcon_core/task/python/colcon_distutils_commands:/home/fauntlht/dev_ws/src/CS354-Final-Project_Luke-Joshua-Jessica-Hunter/install/final_project/lib/python3.12/site-packages:${PYTHONPATH} /usr/bin/python3 -W ignore:setup.py install is deprecated -W ignore:easy_install command is deprecated setup.py develop --editable --build-directory /home/fauntlht/dev_ws/src/CS354-Final-Project_Luke-Joshua-Jessica-Hunter/build/final_project/build --no-deps symlink_data
[4.139s] Level 1:colcon.colcon_core.shell:create_environment_hook('final_project', 'pythonpath_develop')
[4.139s] INFO:colcon.colcon_core.shell:Creating environment hook '/home/fauntlht/dev_ws/src/CS354-Final-Project_Luke-Joshua-Jessica-Hunter/build/final_project/share/final_project/hook/pythonpath_develop.ps1'
[4.140s] DEBUG:colcon.colcon_core.event_handler.log_command:Invoked command in '/home/fauntlht/dev_ws/src/CS354-Final-Project_Luke-Joshua-Jessica-Hunter/build/final_project' returned '0': PYTHONPATH=/home/fauntlht/dev_ws/src/CS354-Final-Project_Luke-Joshua-Jessica-Hunter/build/final_project/prefix_override:/usr/lib/python3/dist-packages/colcon_core/task/python/colcon_distutils_commands:/home/fauntlht/dev_ws/src/CS354-Final-Project_Luke-Joshua-Jessica-Hunter/install/final_project/lib/python3.12/site-packages:${PYTHONPATH} /usr/bin/python3 -W ignore:setup.py install is deprecated -W ignore:easy_install command is deprecated setup.py develop --editable --build-directory /home/fauntlht/dev_ws/src/CS354-Final-Project_Luke-Joshua-Jessica-Hunter/build/final_project/build --no-deps symlink_data
[4.140s] INFO:colcon.colcon_core.shell:Creating environment descriptor '/home/fauntlht/dev_ws/src/CS354-Final-Project_Luke-Joshua-Jessica-Hunter/build/final_project/share/final_project/hook/pythonpath_develop.dsv'
[4.141s] INFO:colcon.colcon_core.shell:Creating environment hook '/home/fauntlht/dev_ws/src/CS354-Final-Project_Luke-Joshua-Jessica-Hunter/build/final_project/share/final_project/hook/pythonpath_develop.sh'
[4.144s] Level 1:colcon.colcon_core.environment:checking '/home/fauntlht/dev_ws/src/CS354-Final-Project_Luke-Joshua-Jessica-Hunter/install/final_project' for CMake module files
[4.144s] Level 1:colcon.colcon_core.environment:checking '/home/fauntlht/dev_ws/src/CS354-Final-Project_Luke-Joshua-Jessica-Hunter/install/final_project' for CMake config files
[4.145s] Level 1:colcon.colcon_core.environment:checking '/home/fauntlht/dev_ws/src/CS354-Final-Project_Luke-Joshua-Jessica-Hunter/install/final_project/lib'
[4.145s] Level 1:colcon.colcon_core.environment:checking '/home/fauntlht/dev_ws/src/CS354-Final-Project_Luke-Joshua-Jessica-Hunter/install/final_project/bin'
[4.145s] Level 1:colcon.colcon_core.environment:checking '/home/fauntlht/dev_ws/src/CS354-Final-Project_Luke-Joshua-Jessica-Hunter/install/final_project/lib/pkgconfig/final_project.pc'
[4.146s] Level 1:colcon.colcon_core.environment:checking '/home/fauntlht/dev_ws/src/CS354-Final-Project_Luke-Joshua-Jessica-Hunter/install/final_project/lib/python3.12/site-packages'
[4.146s] Level 1:colcon.colcon_core.shell:create_environment_hook('final_project', 'pythonpath')
[4.146s] INFO:colcon.colcon_core.shell:Creating environment hook '/home/fauntlht/dev_ws/src/CS354-Final-Project_Luke-Joshua-Jessica-Hunter/install/final_project/share/final_project/hook/pythonpath.ps1'
[4.147s] INFO:colcon.colcon_core.shell:Creating environment descriptor '/home/fauntlht/dev_ws/src/CS354-Final-Project_Luke-Joshua-Jessica-Hunter/install/final_project/share/final_project/hook/pythonpath.dsv'
[4.147s] INFO:colcon.colcon_core.shell:Creating environment hook '/home/fauntlht/dev_ws/src/CS354-Final-Project_Luke-Joshua-Jessica-Hunter/install/final_project/share/final_project/hook/pythonpath.sh'
[4.148s] Level 1:colcon.colcon_core.environment:checking '/home/fauntlht/dev_ws/src/CS354-Final-Project_Luke-Joshua-Jessica-Hunter/install/final_project/bin'
[4.148s] Level 1:colcon.colcon_core.environment:create_environment_scripts_only(final_project)
[4.148s] INFO:colcon.colcon_core.shell:Creating package script '/home/fauntlht/dev_ws/src/CS354-Final-Project_Luke-Joshua-Jessica-Hunter/install/final_project/share/final_project/package.ps1'
[4.149s] INFO:colcon.colcon_core.shell:Creating package descriptor '/home/fauntlht/dev_ws/src/CS354-Final-Project_Luke-Joshua-Jessica-Hunter/install/final_project/share/final_project/package.dsv'
[4.150s] INFO:colcon.colcon_core.shell:Creating package script '/home/fauntlht/dev_ws/src/CS354-Final-Project_Luke-Joshua-Jessica-Hunter/install/final_project/share/final_project/package.sh'
[4.150s] INFO:colcon.colcon_core.shell:Creating package script '/home/fauntlht/dev_ws/src/CS354-Final-Project_Luke-Joshua-Jessica-Hunter/install/final_project/share/final_project/package.bash'
[4.152s] INFO:colcon.colcon_core.shell:Creating package script '/home/fauntlht/dev_ws/src/CS354-Final-Project_Luke-Joshua-Jessica-Hunter/install/final_project/share/final_project/package.zsh'
[4.153s] Level 1:colcon.colcon_core.environment:create_file_with_runtime_dependencies(/home/fauntlht/dev_ws/src/CS354-Final-Project_Luke-Joshua-Jessica-Hunter/install/final_project/share/colcon-core/packages/final_project)
[4.153s] DEBUG:colcon.colcon_parallel_executor.executor.parallel:closing loop
[4.154s] DEBUG:colcon.colcon_parallel_executor.executor.parallel:loop closed
[4.154s] DEBUG:colcon.colcon_parallel_executor.executor.parallel:run_until_complete finished with '0'
[4.154s] DEBUG:colcon.colcon_core.event_reactor:joining thread
[4.190s] INFO:colcon.colcon_core.plugin_system:Skipping extension 'colcon_notification.desktop_notification.terminal_notifier': Not used on non-Darwin systems
[4.191s] INFO:colcon.colcon_core.plugin_system:Skipping extension 'colcon_notification.desktop_notification.win32': Not used on non-Windows systems
[4.191s] INFO:colcon.colcon_notification.desktop_notification:Sending desktop notification using 'notify2'
[4.194s] DEBUG:colcon.colcon_core.event_reactor:joined thread
[4.195s] INFO:colcon.colcon_core.shell:Creating prefix script '/home/fauntlht/dev_ws/src/CS354-Final-Project_Luke-Joshua-Jessica-Hunter/install/local_setup.ps1'
[4.196s] INFO:colcon.colcon_core.shell:Creating prefix util module '/home/fauntlht/dev_ws/src/CS354-Final-Project_Luke-Joshua-Jessica-Hunter/install/_local_setup_util_ps1.py'
[4.197s] INFO:colcon.colcon_core.shell:Creating prefix chain script '/home/fauntlht/dev_ws/src/CS354-Final-Project_Luke-Joshua-Jessica-Hunter/install/setup.ps1'
[4.199s] INFO:colcon.colcon_core.shell:Creating prefix script '/home/fauntlht/dev_ws/src/CS354-Final-Project_Luke-Joshua-Jessica-Hunter/install/local_setup.sh'
[4.199s] INFO:colcon.colcon_core.shell:Creating prefix util module '/home/fauntlht/dev_ws/src/CS354-Final-Project_Luke-Joshua-Jessica-Hunter/install/_local_setup_util_sh.py'
[4.200s] INFO:colcon.colcon_core.shell:Creating prefix chain script '/home/fauntlht/dev_ws/src/CS354-Final-Project_Luke-Joshua-Jessica-Hunter/install/setup.sh'
[4.202s] INFO:colcon.colcon_core.shell:Creating prefix script '/home/fauntlht/dev_ws/src/CS354-Final-Project_Luke-Joshua-Jessica-Hunter/install/local_setup.bash'
[4.202s] INFO:colcon.colcon_core.shell:Creating prefix chain script '/home/fauntlht/dev_ws/src/CS354-Final-Project_Luke-Joshua-Jessica-Hunter/install/setup.bash'
[4.204s] INFO:colcon.colcon_core.shell:Creating prefix script '/home/fauntlht/dev_ws/src/CS354-Final-Project_Luke-Joshua-Jessica-Hunter/install/local_setup.zsh'
[4.205s] INFO:colcon.colcon_core.shell:Creating prefix chain script '/home/fauntlht/dev_ws/src/CS354-Final-Project_Luke-Joshua-Jessica-Hunter/install/setup.zsh'
